build time -- 2021-04-20 18:48:45
MPT ERROR: Rank 0(g:0) received signal SIGSEGV(11).
	Process ID: 327924, Host: r2i4n20, Program: /p/work1/mpotts/intel_2018.1_mpt_g_develop/examples/examplesg/Linux.intel.64.mpt.default/ESMF_MeshEx
	MPT Version: HPE MPT 2.20  08/30/19 04:33:45

MPT: --------stack traceback-------
MPT: Attaching to program: /proc/327924/exe, process 327924
MPT: [Thread debugging using libthread_db enabled]
MPT: Using host libthread_db library "/lib64/libthread_db.so.1".
MPT: (no debugging symbols found)...done.
MPT: (no debugging symbols found)...done.
MPT: done.
MPT: (no debugging symbols found)...done.
MPT: (no debugging symbols found)...done.
MPT: (no debugging symbols found)...done.
MPT: done.
MPT: (no debugging symbols found)...done.
MPT: (no debugging symbols found)...done.
MPT: (no debugging symbols found)...done.
MPT: (no debugging symbols found)...done.
MPT: (no debugging symbols found)...done.
MPT: (no debugging symbols found)...done.
MPT: (no debugging symbols found)...done.
MPT: (no debugging symbols found)...done.
MPT: (no debugging symbols found)...done.
MPT: (no debugging symbols found)...done.
MPT: (no debugging symbols found)...done.
MPT: (no debugging symbols found)...done.
MPT: (no debugging symbols found)...done.
MPT: (no debugging symbols found)...done.
MPT: (no debugging symbols found)...done.
MPT: (no debugging symbols found)...done.
MPT: (no debugging symbols found)...done.
MPT: (no debugging symbols found)...done.
MPT: (no debugging symbols found)...done.
MPT: (no debugging symbols found)...done.
MPT: (no debugging symbols found)...done.
MPT: (no debugging symbols found)...done.
MPT: (no debugging symbols found)...done.
MPT: 0x00002aaab177b18c in waitpid () from /lib64/libpthread.so.0
MPT: Missing separate debuginfos, use: debuginfo-install cyrus-sasl-lib-2.1.26-23.el7.x86_64 glibc-2.17-317.el7.x86_64 keyutils-libs-1.5.8-3.el7.x86_64 krb5-libs-1.15.1-50.el7.x86_64 libbitmask-2.0-sgi720r52.rhel76.x86_64 libcom_err-1.42.9-19.el7.x86_64 libcpuset-1.0-sgi720r102.rhel76.x86_64 libcurl-7.29.0-59.el7_9.1.x86_64 libgcc-4.8.5-44.el7.x86_64 libidn-1.28-4.el7.x86_64 libjpeg-turbo-1.2.90-8.el7.x86_64 libselinux-2.5-15.el7.x86_64 libssh2-1.8.0-4.el7.x86_64 libstdc++-4.8.5-44.el7.x86_64 nspr-4.25.0-2.el7_9.x86_64 nss-3.53.1-3.el7_9.x86_64 nss-softokn-freebl-3.53.1-6.el7_9.x86_64 nss-util-3.53.1-1.el7_9.x86_64 openldap-2.4.44-22.el7.x86_64 openssl-libs-1.0.2k-21.el7_9.x86_64 pcre-8.32-17.el7.x86_64 zlib-1.2.7-18.el7.x86_64
MPT: (gdb) #0  0x00002aaab177b18c in waitpid () from /lib64/libpthread.so.0
MPT: #1  0x00002aaab1eb4806 in mpi_sgi_system (
MPT: #2  MPI_SGI_stacktraceback (
MPT:     header=header@entry=0x7fffffff2f00 "MPT ERROR: Rank 0(g:0) received signal SIGSEGV(11).\n\tProcess ID: 327924, Host: r2i4n20, Program: /p/work1/mpotts/intel_2018.1_mpt_g_develop/examples/examplesg/Linux.intel.64.mpt.default/ESMF_MeshEx\n\tM"...) at sig.c:340
MPT: #3  0x00002aaab1eb4a02 in first_arriver_handler (signo=signo@entry=11, 
MPT:     stack_trace_sem=stack_trace_sem@entry=0x2aaabc5a0080) at sig.c:489
MPT: #4  0x00002aaab1eb4d9b in slave_sig_handler (signo=11, 
MPT:     siginfo=<optimized out>, extra=<optimized out>) at sig.c:565
MPT: #5  <signal handler called>
MPT: #6  0x00002aaab1e22c9e in MPI_SGI_comm_fetch (comm=comm@entry=1140850689)
MPT:     at comm.c:41
MPT: #7  MPI_SGI_comm_get (comm=comm@entry=1140850689)
MPT:     at ../../../../include/comm.h:182
MPT: #8  MPI_SGI_comm_hbt (comm=comm@entry=1140850689) at comm.c:311
MPT: #9  0x00002aaab1e298c8 in MPI_SGI_comm_set_attr (attr_value=0x0, key=14, 
MPT:     comm=1140850689) at comm_set_attr.c:16
MPT: #10 PMPI_Comm_set_attr (comm=1140850689, key=14, attr_value=0x0)
MPT:     at comm_set_attr.c:68
MPT: #11 0x00002aaab55c52f0 in H5_init_library ()
MPT:    from /app/CSE/CSEIntel.20200724/Datamodels/hdf5-1.10.6/lib/libhdf5.so.103
MPT: #12 0x00002aaab56757a9 in H5Eset_auto2 ()
MPT:    from /app/CSE/CSEIntel.20200724/Datamodels/hdf5-1.10.6/lib/libhdf5.so.103
MPT: #13 0x00002aaab0e1327c in nc4_hdf5_initialize ()
MPT:    from /app/CSE/CSEIntel.20200724/Datamodels/netcdf-4.7.4/lib/libnetcdf.so.18
MPT: #14 0x00002aaab0e1c7bc in NC_HDF5_initialize ()
MPT:    from /app/CSE/CSEIntel.20200724/Datamodels/netcdf-4.7.4/lib/libnetcdf.so.18
MPT: #15 0x00002aaab0d8c1a8 in nc_initialize ()
MPT:    from /app/CSE/CSEIntel.20200724/Datamodels/netcdf-4.7.4/lib/libnetcdf.so.18
MPT: #16 0x00002aaab0d8faac in NC_open ()
MPT:    from /app/CSE/CSEIntel.20200724/Datamodels/netcdf-4.7.4/lib/libnetcdf.so.18
MPT: #17 0x00002aaab0d8f7d7 in nc_open ()
MPT:    from /app/CSE/CSEIntel.20200724/Datamodels/netcdf-4.7.4/lib/libnetcdf.so.18
MPT: #18 0x00002aaaac675055 in c_convertscrip_ (
MPT:     infile=0x51932c <__STRLITPACK_8> "data/ne4np4-pentagons.nc", 
MPT:     outfile=0x7fffffff4ef0 ".esmf.nc", ' ' <repeats 120 times>, '\314' <repeats 71 times>, <incomplete sequence \314>..., dualflag=0x7fffffff49f0, 
MPT:     rc=0x7fffffff4a44, infileLen=24, outfileLen=128)
MPT:     at /p/work1/mpotts/intel_2018.1_mpt_g_develop/src/Infrastructure/IO/interface/ESMC_IOScrip2ESMF.C:318
MPT: #19 0x00002aaaad99f070 in esmf_meshmod::esmf_meshcreatefromscrip (
MPT:     esmf_meshcreatefromscrip=..., filename='data/ne4np4-pentagons.nc', 
MPT:     converttodual=.FALSE., adduserarea=.FALSE., rc=18, 
MPT:     .tmp.FILENAME.len_V$2099=24)
MPT:     at /p/work1/mpotts/intel_2018.1_mpt_g_develop/src/Infrastructure/Mesh/interface/ESMF_Mesh.F90:2901
MPT: #20 0x00002aaaad989977 in esmf_meshmod::esmf_meshcreatefromfile (
MPT:     esmf_meshcreatefromfile=..., filename='data/ne4np4-pentagons.nc', 
MPT:     fileformat=..., 
MPT:     keywordenforcer=<error reading variable: Cannot access memory at address 0x0>, 
MPT:     converttodual=<error reading variable: Cannot access memory at address 0x0>, adduserarea=<error reading variable: Cannot access memory at address 0x0>, 
MPT:     maskflag=<error reading variable: Cannot access memory at address 0x0>, warning: Range for type <error type> has invalid bounds 1..-3689348814741910324
MPT: 
MPT: varname=warning: Range for type <error type> has invalid bounds 1..-3689348814741910324
MPT: warning: Range for type <error type> has invalid bounds 1..-3689348814741910324
MPT: warning: Range for type <error type> has invalid bounds 1..-3689348814741910324
MPT: warning: Range for type <error type> has invalid bounds 1..-3689348814741910324
MPT: warning: Range for type <error type> has invalid bounds 1..-3689348814741910324
MPT: warning: Range for type <error type> has invalid bounds 1..-3689348814741910324
MPT: warning: Range for type <error type> has invalid bounds 1..-3689348814741910324
MPT: warning: Range for type <error type> has invalid bounds 1..-3689348814741910324
MPT: 
MPT: '\000' <repeats 24 times>, 'A', '\000' <repeats 24 times>, '>\244\001', '\000' <repeats 20 times>, '@>\244\001', '\000' <repeats 12 times>, 'a\000\000\000\000\000\000\000\r\000\000\000\001\000\377\377', '\000' <repeats 16 times>, '\060 \357\000\000\000\000\000\240\265\210\f', '\000' <repeats 28 times>, '\300\310$\003', '\000' <repeats 20 times>, 'A', '\000' <repeats 23 times>..., 
MPT:     nodaldistgrid=<error reading variable: Cannot access memory at address 0x0>, 
MPT:     elementdistgrid=<error reading variable: Cannot access memory at address 0x0>, warning: Range for type <error type> has invalid bounds 1..-3689348814741910324
MPT: name=warning: Range for type <error type> has invalid bounds 1..-3689348814741910324
MPT: warning: Range for type <error type> has invalid bounds 1..-3689348814741910324
MPT: warning: Range for type <error type> has invalid bounds 1..-3689348814741910324
MPT: warning: Range for type <error type> has invalid bounds 1..-3689348814741910324
MPT: warning: Range for type <error type> has invalid bounds 1..-3689348814741910324
MPT: warning: Range for type <error type> has invalid bounds 1..-3689348814741910324
MPT: warning: Range for type <error type> has invalid bounds 1..-3689348814741910324
MPT: warning: Range for type <error type> has invalid bounds 1..-3689348814741910324
MPT: 
MPT: '\000' <repeats 24 times>, '\061', '\000' <repeats 23 times>, 'p\326\210\f', '\000' <repeats 20 times>, '!\000\000\000\000\000\000\000\314\314\314\314\314\314\314\314', '\000' <repeats 16 times>, '\361\017\000\000\000\000\000\000\210c_\r\000\000\000\000\200\337^\r\000\000\000\000Hbx\004\000\000\000\000\340\372\017\000\000\000\000\000!\000\000\000\000\000\000\000\301\f\237Ū*\000\000\310\f\237Ū*\000\000\001\277\266\f\000\000\000\000Hbx\004\000\000\000\000\020\373\017\000\000\000\000\000$\000\000\000\000\000\000\000\331\f\237'..., rc=0, 
MPT:     .tmp.FILENAME.len_V$17a9=24, .tmp.VARNAME.len_V$17b1=0, 
MPT:     .tmp.NAME.len_V$17b6=0)
MPT:     at /p/work1/mpotts/intel_2018.1_mpt_g_develop/src/Infrastructure/Mesh/interface/ESMF_Mesh.F90:2051
MPT: #21 0x0000000000429863 in esmf_meshex () at ESMF_MeshEx.F90:1168
MPT: #22 0x000000000040c11e in main ()
MPT: #23 0x00002aaab2d79555 in __libc_start_main () from /lib64/libc.so.6
MPT: #24 0x000000000040c029 in _start ()
MPT: (gdb) A debugging session is active.
MPT: 
MPT: 	Inferior 1 [process 327924] will be detached.
MPT: 
MPT: Quit anyway? (y or n) [answered Y; input not from terminal]
MPT: Detaching from program: /proc/327924/exe, process 327924
MPT: [Inferior 1 (process 327924) detached]

MPT: -----stack traceback ends-----
MPT: On host r2i4n20, Program /p/work1/mpotts/intel_2018.1_mpt_g_develop/examples/examplesg/Linux.intel.64.mpt.default/ESMF_MeshEx, Rank 0, Process 327924: Dumping core on signal SIGSEGV(11) into directory /p/work1/mpotts/intel_2018.1_mpt_g_develop/examples/examplesg/Linux.intel.64.mpt.default
MPT: Program /p/work1/mpotts/intel_2018.1_mpt_g_develop/examples/examplesg/Linux.intel.64.mpt.default/ESMF_MeshEx, Rank 1, Process 327925: Core dump on signal SIGBUS(7) suppressed.
MPT: Program /p/work1/mpotts/intel_2018.1_mpt_g_develop/examples/examplesg/Linux.intel.64.mpt.default/ESMF_MeshEx, Rank 2, Process 327926: Core dump on signal SIGBUS(7) suppressed.
MPT: Program /p/work1/mpotts/intel_2018.1_mpt_g_develop/examples/examplesg/Linux.intel.64.mpt.default/ESMF_MeshEx, Rank 3, Process 327927: Core dump on signal SIGBUS(7) suppressed.
MPT ERROR: MPI_COMM_WORLD rank 0 has terminated without calling MPI_Finalize()
	aborting job
MPT: Received signal 11
