build time -- 2021-04-21 21:03:09
  Beginning Test, file ESMF_GridCreateUTest.F90, line 100
  Beginning Test, file ESMF_GridCreateUTest.F90, line 100
  Beginning Test, file ESMF_GridCreateUTest.F90, line 100
  NUMBER_OF_PROCESSORS           4
  NUMBER_OF_PROCESSORS           4
  NUMBER_OF_PROCESSORS           4
  Beginning Test, file ESMF_GridCreateUTest.F90, line 100
  NUMBER_OF_PROCESSORS           4
  PASS  Testing Grid IsCreated for uncreated object, ESMF_GridCreateUTest.F90, l
 ine 119
  PASS  Testing Grid IsCreated for uncreated object, ESMF_GridCreateUTest.F90, l
 ine 119
  PASS  Testing Grid IsCreated for uncreated object, ESMF_GridCreateUTest.F90, l
 ine 119
  PASS  Testing Grid IsCreated for uncreated object, ESMF_GridCreateUTest.F90, l
 ine 119
  PASS  Testing Grid IsCreated for uncreated object, ESMF_GridCreateUTest.F90, l
 ine 127
  PASS  Testing Grid IsCreated for uncreated object, ESMF_GridCreateUTest.F90, l
 ine 127
  PASS  Testing Grid IsCreated for uncreated object, ESMF_GridCreateUTest.F90, l
 ine 127
  PASS  Testing Grid IsCreated for uncreated object, ESMF_GridCreateUTest.F90, l
 ine 127
  PASS  Create test Grid for IsCreated, ESMF_GridCreateUTest.F90, line 135
  PASS  Testing Grid IsCreated for created object, ESMF_GridCreateUTest.F90, lin
 e 143
  PASS  Create test Grid for IsCreated, ESMF_GridCreateUTest.F90, line 135
  PASS  Create test Grid for IsCreated, ESMF_GridCreateUTest.F90, line 135
  PASS  Create test Grid for IsCreated, ESMF_GridCreateUTest.F90, line 135
  PASS  Testing Grid IsCreated for created object, ESMF_GridCreateUTest.F90, lin
 e 151
  PASS  Testing Grid IsCreated for created object, ESMF_GridCreateUTest.F90, lin
 e 143
  PASS  Testing Grid IsCreated for created object, ESMF_GridCreateUTest.F90, lin
 e 143
  PASS  Testing Grid IsCreated for created object, ESMF_GridCreateUTest.F90, lin
 e 143
 Object has been CREATED
  PASS  Testing Grid IsCreated for created object, ESMF_GridCreateUTest.F90, lin
 e 151
  PASS  Testing Grid IsCreated for created object, ESMF_GridCreateUTest.F90, lin
 e 151
  PASS  Testing Grid IsCreated for created object, ESMF_GridCreateUTest.F90, lin
 e 151
 Base name    = Grid002
 Object has been CREATED
 Object has been CREATED
 Status: Base = Ready,  object = Ready
 Proxy        = no
 Object has been CREATED
 Base ID = 2, vmID:
--- ESMCI::VMId::print() start ---
  vmKeyWidth = 1
  vmKey=0xF0000000
  localID = 0
--- ESMCI::VMId::print() end ---
 Root Info (Attributes):
 Base name    = Grid002
 Base name    = Grid002
 Base name    = Grid002
 Status: Base = Ready,  object = Ready
 Status: Base = Ready,  object = Ready
 Proxy        = no
 Status: Base = Ready,  object = Ready
 Proxy        = no
 Proxy        = no
 Base ID = 2, vmID:
 Base ID = 2, vmID:
--- ESMCI::VMId::print() start ---
  vmKeyWidth = 1
  vmKey=0xF0000000
 Base ID = 2, vmID:
--- ESMCI::VMId::print() start ---
  vmKeyWidth = 1
  vmKey=0xF0000000
  localID = 0
--- ESMCI::VMId::print() start ---
  vmKeyWidth = 1
  vmKey=0xF0000000
  localID = 0
--- ESMCI::VMId::print() end ---
  localID = 0
--- ESMCI::VMId::print() end ---
 Root Info (Attributes):
--- ESMCI::VMId::print() end ---
 Root Info (Attributes):
 Root Info (Attributes):
{}  PASS  Print Grid info, ESMF_GridCreateUTest.F90, line 159
{}  PASS  Print Grid info, ESMF_GridCreateUTest.F90, line 159
{}  PASS  Print Grid info, ESMF_GridCreateUTest.F90, line 159
{}  PASS  Print Grid info, ESMF_GridCreateUTest.F90, line 159
  PASS  Destroy test Grid for IsCreated, ESMF_GridCreateUTest.F90, line 167
  PASS  Testing Grid IsCreated for destroyed object, ESMF_GridCreateUTest.F90, l
 ine 175
  PASS  Testing Grid IsCreated for destroyed object, ESMF_GridCreateUTest.F90, l
 ine 183
  PASS  Destroy test Grid for IsCreated, ESMF_GridCreateUTest.F90, line 167
  PASS  Destroy test Grid for IsCreated, ESMF_GridCreateUTest.F90, line 167
  PASS  Destroy test Grid for IsCreated, ESMF_GridCreateUTest.F90, line 167
  PASS  Testing Grid IsCreated for destroyed object, ESMF_GridCreateUTest.F90, l
 ine 175
  PASS  Testing Grid IsCreated for destroyed object, ESMF_GridCreateUTest.F90, l
 ine 175
  PASS  Testing Grid IsCreated for destroyed object, ESMF_GridCreateUTest.F90, l
 ine 175
  PASS  Testing Grid IsCreated for destroyed object, ESMF_GridCreateUTest.F90, l
 ine 183
  PASS  Testing Grid IsCreated for destroyed object, ESMF_GridCreateUTest.F90, l
 ine 183
  PASS  Testing Grid IsCreated for destroyed object, ESMF_GridCreateUTest.F90, l
 ine 183
  PASS  Grid creation Test, ESMF_GridCreateUTest.F90, line 191
  PASS  Grid equality before assignment Test, ESMF_GridCreateUTest.F90, line 198
  PASS  Grid assignment and equality Test, ESMF_GridCreateUTest.F90, line 207
  PASS  Grid creation Test, ESMF_GridCreateUTest.F90, line 191
  PASS  Grid creation Test, ESMF_GridCreateUTest.F90, line 191
  PASS  Grid creation Test, ESMF_GridCreateUTest.F90, line 191
  PASS  GridDestroy Test, ESMF_GridCreateUTest.F90, line 214
  PASS  Grid equality before assignment Test, ESMF_GridCreateUTest.F90, line 198
  PASS  Grid equality after destroy Test, ESMF_GridCreateUTest.F90, line 222
  PASS  Grid equality before assignment Test, ESMF_GridCreateUTest.F90, line 198
  PASS  Grid equality before assignment Test, ESMF_GridCreateUTest.F90, line 198
  PASS  Grid assignment and equality Test, ESMF_GridCreateUTest.F90, line 207
  PASS  Grid assignment and equality Test, ESMF_GridCreateUTest.F90, line 207
  PASS  Grid non-equality after destroy Test, ESMF_GridCreateUTest.F90, line 230
  PASS  Grid assignment and equality Test, ESMF_GridCreateUTest.F90, line 207
  PASS  GridDestroy Test, ESMF_GridCreateUTest.F90, line 214
  PASS  Double GridDestroy through alias Test, ESMF_GridCreateUTest.F90, line 23
 7
  PASS  GridDestroy Test, ESMF_GridCreateUTest.F90, line 214
  PASS  GridDestroy Test, ESMF_GridCreateUTest.F90, line 214
  PASS  Grid equality after destroy Test, ESMF_GridCreateUTest.F90, line 222
  PASS  Grid equality after destroy Test, ESMF_GridCreateUTest.F90, line 222
  PASS  Grid equality after destroy Test, ESMF_GridCreateUTest.F90, line 222
  PASS  Grid non-equality after destroy Test, ESMF_GridCreateUTest.F90, line 230
  PASS  Grid non-equality after destroy Test, ESMF_GridCreateUTest.F90, line 230
  PASS  Grid non-equality after destroy Test, ESMF_GridCreateUTest.F90, line 230
  PASS  Double GridDestroy through alias Test, ESMF_GridCreateUTest.F90, line 23
 7
  PASS  Double GridDestroy through alias Test, ESMF_GridCreateUTest.F90, line 23
 7
  PASS  Double GridDestroy through alias Test, ESMF_GridCreateUTest.F90, line 23
 7
  PASS  Testing Grid Validate, ESMF_GridCreateUTest.F90, line 265
  PASS  Testing Grid Validate, ESMF_GridCreateUTest.F90, line 265
  PASS  Testing Grid Validate, ESMF_GridCreateUTest.F90, line 265
  PASS  Testing Grid Validate, ESMF_GridCreateUTest.F90, line 265
MPT ERROR: Rank 0(g:0) received signal SIGSEGV(11).
	Process ID: 365609, Host: r3i3n13, Program: /p/work1/mpotts/intel_2018.1_mpt_g_develop/test/testg/Linux.intel.64.mpt.default/ESMF_GridCreateUTest
	MPT Version: HPE MPT 2.20  08/30/19 04:33:45

MPT: --------stack traceback-------
MPT: Attaching to program: /proc/365609/exe, process 365609
MPT: [Thread debugging using libthread_db enabled]
MPT: Using host libthread_db library "/lib64/libthread_db.so.1".
MPT: (no debugging symbols found)...done.
MPT: (no debugging symbols found)...done.
MPT: done.
MPT: (no debugging symbols found)...done.
MPT: (no debugging symbols found)...done.
MPT: (no debugging symbols found)...done.
MPT: done.
MPT: (no debugging symbols found)...done.
MPT: (no debugging symbols found)...done.
MPT: (no debugging symbols found)...done.
MPT: (no debugging symbols found)...done.
MPT: (no debugging symbols found)...done.
MPT: (no debugging symbols found)...done.
MPT: (no debugging symbols found)...done.
MPT: (no debugging symbols found)...done.
MPT: (no debugging symbols found)...done.
MPT: (no debugging symbols found)...done.
MPT: (no debugging symbols found)...done.
MPT: (no debugging symbols found)...done.
MPT: (no debugging symbols found)...done.
MPT: (no debugging symbols found)...done.
MPT: (no debugging symbols found)...done.
MPT: (no debugging symbols found)...done.
MPT: (no debugging symbols found)...done.
MPT: (no debugging symbols found)...done.
MPT: (no debugging symbols found)...done.
MPT: (no debugging symbols found)...done.
MPT: (no debugging symbols found)...done.
MPT: (no debugging symbols found)...done.
MPT: (no debugging symbols found)...done.
MPT: 0x00002aaab177b18c in waitpid () from /lib64/libpthread.so.0
MPT: Missing separate debuginfos, use: debuginfo-install cyrus-sasl-lib-2.1.26-23.el7.x86_64 glibc-2.17-317.el7.x86_64 keyutils-libs-1.5.8-3.el7.x86_64 krb5-libs-1.15.1-50.el7.x86_64 libbitmask-2.0-sgi720r52.rhel76.x86_64 libcom_err-1.42.9-19.el7.x86_64 libcpuset-1.0-sgi720r102.rhel76.x86_64 libcurl-7.29.0-59.el7_9.1.x86_64 libgcc-4.8.5-44.el7.x86_64 libidn-1.28-4.el7.x86_64 libjpeg-turbo-1.2.90-8.el7.x86_64 libselinux-2.5-15.el7.x86_64 libssh2-1.8.0-4.el7.x86_64 libstdc++-4.8.5-44.el7.x86_64 nspr-4.25.0-2.el7_9.x86_64 nss-3.53.1-3.el7_9.x86_64 nss-softokn-freebl-3.53.1-6.el7_9.x86_64 nss-util-3.53.1-1.el7_9.x86_64 openldap-2.4.44-22.el7.x86_64 openssl-libs-1.0.2k-21.el7_9.x86_64 pcre-8.32-17.el7.x86_64 zlib-1.2.7-18.el7.x86_64
MPT: (gdb) #0  0x00002aaab177b18c in waitpid () from /lib64/libpthread.so.0
MPT: #1  0x00002aaab1eb4806 in mpi_sgi_system (
MPT: #2  MPI_SGI_stacktraceback (
MPT:     header=header@entry=0x7ffffffe9b40 "MPT ERROR: Rank 0(g:0) received signal SIGSEGV(11).\n\tProcess ID: 365609, Host: r3i3n13, Program: /p/work1/mpotts/intel_2018.1_mpt_g_develop/test/testg/Linux.intel.64.mpt.default/ESMF_GridCreateUTest\n\t"...) at sig.c:340
MPT: #3  0x00002aaab1eb4a02 in first_arriver_handler (signo=signo@entry=11, 
MPT:     stack_trace_sem=stack_trace_sem@entry=0x2aaabc5a0080) at sig.c:489
MPT: #4  0x00002aaab1eb4d9b in slave_sig_handler (signo=11, 
MPT:     siginfo=<optimized out>, extra=<optimized out>) at sig.c:565
MPT: #5  <signal handler called>
MPT: #6  0x00002aaab1e22c9e in MPI_SGI_comm_fetch (comm=comm@entry=1140850689)
MPT:     at comm.c:41
MPT: #7  MPI_SGI_comm_get (comm=comm@entry=1140850689)
MPT:     at ../../../../include/comm.h:182
MPT: #8  MPI_SGI_comm_hbt (comm=comm@entry=1140850689) at comm.c:311
MPT: #9  0x00002aaab1e298c8 in MPI_SGI_comm_set_attr (attr_value=0x0, key=14, 
MPT:     comm=1140850689) at comm_set_attr.c:16
MPT: #10 PMPI_Comm_set_attr (comm=1140850689, key=14, attr_value=0x0)
MPT:     at comm_set_attr.c:68
MPT: #11 0x00002aaab55c52f0 in H5_init_library ()
MPT:    from /app/CSE/CSEIntel.20200724/Datamodels/hdf5-1.10.6/lib/libhdf5.so.103
MPT: #12 0x00002aaab56757a9 in H5Eset_auto2 ()
MPT:    from /app/CSE/CSEIntel.20200724/Datamodels/hdf5-1.10.6/lib/libhdf5.so.103
MPT: #13 0x00002aaab0e1327c in nc4_hdf5_initialize ()
MPT:    from /app/CSE/CSEIntel.20200724/Datamodels/netcdf-4.7.4/lib/libnetcdf.so.18
MPT: #14 0x00002aaab0e1c7bc in NC_HDF5_initialize ()
MPT:    from /app/CSE/CSEIntel.20200724/Datamodels/netcdf-4.7.4/lib/libnetcdf.so.18
MPT: #15 0x00002aaab0d8c1a8 in nc_initialize ()
MPT:    from /app/CSE/CSEIntel.20200724/Datamodels/netcdf-4.7.4/lib/libnetcdf.so.18
MPT: #16 0x00002aaab0d8faac in NC_open ()
MPT:    from /app/CSE/CSEIntel.20200724/Datamodels/netcdf-4.7.4/lib/libnetcdf.so.18
MPT: #17 0x00002aaab0d8f7d7 in nc_open ()
MPT:    from /app/CSE/CSEIntel.20200724/Datamodels/netcdf-4.7.4/lib/libnetcdf.so.18
MPT: #18 0x00002aaab11c6f5d in nf_open (path='data/T42_grid.nc', mode=0, 
MPT:     ncid=-858993460, .tmp.PATH.len_V$30e=16) at nf_control.F90:189
MPT: #19 0x00002aaab1219871 in netcdf::nf90_open (path='data/T42_grid.nc', mode=0, 
MPT:     ncid=-858993460, 
MPT:     chunksize=<error reading variable: Cannot access memory at address 0x0>, 
MPT:     cache_size=<error reading variable: Cannot access memory at address 0x0>, 
MPT:     cache_nelems=<error reading variable: Cannot access memory at address 0x0>, 
MPT:     cache_preemption=<error reading variable: Cannot access memory at address 0x0>, comm=<error reading variable: Cannot access memory at address 0x0>, 
MPT:     info=<error reading variable: Cannot access memory at address 0x0>, 
MPT:     .tmp.PATH.len_V$1016=16) at netcdf4_file.f90:64
MPT: #20 0x00002aaaad68d915 in esmf_ioscripmod::esmf_scripinq (
MPT:     filename='data/T42_grid.nc', grid_size=-858993460, 
MPT:     grid_corners=-858993460, grid_dims=..., grid_rank=-858993460, 
MPT:     has_area=<error reading variable: Cannot access memory at address 0x0>, 
MPT:     rc=0, .tmp.FILENAME.len_V$3cc8=16)
MPT:     at /p/work1/mpotts/intel_2018.1_mpt_g_develop/src/Infrastructure/IO/interface/ESMF_IOScrip.F90:411
MPT: #21 0x00002aaaad3d75fb in esmf_gridmod::esmf_gridcreatefrmscrip (
MPT:     esmf_gridcreatefrmscrip=..., filename='data/T42_grid.nc', regdecomp=..., 
MPT:     indexflag=..., 
MPT:     keywordenforcer=<error reading variable: Cannot access memory at address 0x0>, decompflag=..., issphere=4294967295, 
MPT:     polekindflag=<error reading variable: Cannot access memory at address 0x0>, addcornerstagger=.FALSE., 
MPT:     adduserarea=<error reading variable: Cannot access memory at address 0x0>, rc=18, .tmp.FILENAME.len_V$a3ec=16)
MPT:     at /p/work1/mpotts/intel_2018.1_mpt_g_develop/src/Infrastructure/Grid/interface/ESMF_Grid.F90:6715
MPT: #22 0x00002aaaad3d53e5 in esmf_gridmod::esmf_gridcreatefrmncfile (
MPT:     esmf_gridcreatefrmncfile=..., filename='data/T42_grid.nc', 
MPT:     fileformat=..., 
MPT:     keywordenforcer=<error reading variable: Cannot access memory at address 0x0>, 
MPT:     regdecomp=<error reading variable: Cannot resolve DW_OP_push_object_address for a missing object>, 
MPT:     decompflag=<error reading variable: Cannot resolve DW_OP_push_object_address for a missing object>, 
MPT:     delayout=<error reading variable: Cannot access memory at address 0x0>, 
MPT:     issphere=<error reading variable: Cannot access memory at address 0x0>, 
MPT:     polekindflag=<error reading variable: Cannot access memory at address 0x0>, 
MPT:     addcornerstagger=<error reading variable: Cannot access memory at address 0x0>, coordtypekind=<error reading variable: Cannot access memory at address 0x0>, 
MPT:     adduserarea=<error reading variable: Cannot access memory at address 0x0>, indexflag=<error reading variable: Cannot access memory at address 0x0>, 
MPT:     addmask=<error reading variable: Cannot access memory at address 0x0>, warning: Range for type <error type> has invalid bounds 1..-3689348814741910324
MPT: 
MPT: varname=warning: Range for type <error type> has invalid bounds 1..-3689348814741910324
MPT: warning: Range for type <error type> has invalid bounds 1..-3689348814741910324
MPT: warning: Range for type <error type> has invalid bounds 1..-3689348814741910324
MPT: warning: Range for type <error type> has invalid bounds 1..-3689348814741910324
MPT: warning: Range for type <error type> has invalid bounds 1..-3689348814741910324
MPT: warning: Range for type <error type> has invalid bounds 1..-3689348814741910324
MPT: warning: Range for type <error type> has invalid bounds 1..-3689348814741910324
MPT: warning: Range for type <error type> has invalid bounds 1..-3689348814741910324
MPT: 
MPT: '\000' <repeats 24 times>, 'A', '\000' <repeats 23 times>, ' \003\325\v', '\000' <repeats 20 times>, '`\003\325\v', '\000' <repeats 12 times>, 'a\000\000\000\000\000\000\000\r\000\000\000\001\000\377\377', '\000' <repeats 16 times>, 'P\037\357\000\000\000\000\000Ð—X\r', '\000' <repeats 29 times>, '\\\331\n', '\000' <repeats 20 times>, 'A', '\000' <repeats 23 times>..., 
MPT:     coordnames=<error reading variable: Cannot resolve DW_OP_push_object_address for a missing object>, rc=-1, .tmp.FILENAME.len_V$a25b=16, 
MPT:     .tmp.VARNAME.len_V$a28a=0)
MPT:     at /p/work1/mpotts/intel_2018.1_mpt_g_develop/src/Infrastructure/Grid/interface/ESMF_Grid.F90:6490
MPT: #23 0x0000000000411123 in esmf_gridcreateutest ()
MPT:     at ESMF_GridCreateUTest.F90:273
MPT: #24 0x000000000040d55e in main ()
MPT: #25 0x00002aaab2d79555 in __libc_start_main () from /lib64/libc.so.6
MPT: #26 0x000000000040d469 in _start ()
MPT: (gdb) A debugging session is active.
MPT: 
MPT: 	Inferior 1 [process 365609] will be detached.
MPT: 
MPT: Quit anyway? (y or n) [answered Y; input not from terminal]
MPT: Detaching from program: /proc/365609/exe, process 365609
MPT: [Inferior 1 (process 365609) detached]

MPT: -----stack traceback ends-----
MPT: On host r3i3n13, Program /p/work1/mpotts/intel_2018.1_mpt_g_develop/test/testg/Linux.intel.64.mpt.default/ESMF_GridCreateUTest, Rank 0, Process 365609: Dumping core on signal SIGSEGV(11) into directory /p/work1/mpotts/intel_2018.1_mpt_g_develop/test/testg/Linux.intel.64.mpt.default
MPT ERROR: MPI_COMM_WORLD rank 0 has terminated without calling MPI_Finalize()
	aborting job
MPT: Received signal 11
