build time -- 2021-04-21 21:03:09
  Beginning Test, file ESMF_ArraySMMFromFileUTest.F90, line 105
  Beginning Test, file ESMF_ArraySMMFromFileUTest.F90, line 105
  Beginning Test, file ESMF_ArraySMMFromFileUTest.F90, line 105
  NUMBER_OF_PROCESSORS           4
  NUMBER_OF_PROCESSORS           4
  Beginning Test, file ESMF_ArraySMMFromFileUTest.F90, line 105
  NUMBER_OF_PROCESSORS           4
  NUMBER_OF_PROCESSORS           4
MPT ERROR: Rank 1(g:1) received signal SIGSEGV(11).
	Process ID: 360427, Host: r3i3n13, Program: /p/work1/mpotts/intel_2018.1_mpt_g_develop/test/testg/Linux.intel.64.mpt.default/ESMF_ArraySMMFromFileUTest
	MPT Version: HPE MPT 2.20  08/30/19 04:33:45

MPT: --------stack traceback-------
MPT: Attaching to program: /proc/360427/exe, process 360427
MPT: [Thread debugging using libthread_db enabled]
MPT: Using host libthread_db library "/lib64/libthread_db.so.1".
MPT: (no debugging symbols found)...done.
MPT: (no debugging symbols found)...done.
MPT: done.
MPT: (no debugging symbols found)...done.
MPT: (no debugging symbols found)...done.
MPT: (no debugging symbols found)...done.
MPT: done.
MPT: (no debugging symbols found)...done.
MPT: (no debugging symbols found)...done.
MPT: (no debugging symbols found)...done.
MPT: (no debugging symbols found)...done.
MPT: (no debugging symbols found)...done.
MPT: (no debugging symbols found)...done.
MPT: (no debugging symbols found)...done.
MPT: (no debugging symbols found)...done.
MPT: (no debugging symbols found)...done.
MPT: (no debugging symbols found)...done.
MPT: (no debugging symbols found)...done.
MPT: (no debugging symbols found)...done.
MPT: (no debugging symbols found)...done.
MPT: (no debugging symbols found)...done.
MPT: (no debugging symbols found)...done.
MPT: (no debugging symbols found)...done.
MPT: (no debugging symbols found)...done.
MPT: (no debugging symbols found)...done.
MPT: (no debugging symbols found)...done.
MPT: (no debugging symbols found)...done.
MPT: (no debugging symbols found)...done.
MPT: (no debugging symbols found)...done.
MPT: (no debugging symbols found)...done.
MPT: 0x00002aaab177b18c in waitpid () from /lib64/libpthread.so.0
MPT: Missing separate debuginfos, use: debuginfo-install cyrus-sasl-lib-2.1.26-23.el7.x86_64 glibc-2.17-317.el7.x86_64 keyutils-libs-1.5.8-3.el7.x86_64 krb5-libs-1.15.1-50.el7.x86_64 libbitmask-2.0-sgi720r52.rhel76.x86_64 libcom_err-1.42.9-19.el7.x86_64 libcpuset-1.0-sgi720r102.rhel76.x86_64 libcurl-7.29.0-59.el7_9.1.x86_64 libgcc-4.8.5-44.el7.x86_64 libidn-1.28-4.el7.x86_64 libjpeg-turbo-1.2.90-8.el7.x86_64 libselinux-2.5-15.el7.x86_64 libssh2-1.8.0-4.el7.x86_64 libstdc++-4.8.5-44.el7.x86_64 nspr-4.25.0-2.el7_9.x86_64 nss-3.53.1-3.el7_9.x86_64 nss-softokn-freebl-3.53.1-6.el7_9.x86_64 nss-util-3.53.1-1.el7_9.x86_64 openldap-2.4.44-22.el7.x86_64 openssl-libs-1.0.2k-21.el7_9.x86_64 pcre-8.32-17.el7.x86_64 zlib-1.2.7-18.el7.x86_64
MPT: (gdb) #0  0x00002aaab177b18c in waitpid () from /lib64/libpthread.so.0
MPT: #1  0x00002aaab1eb4806 in mpi_sgi_system (
MPT: #2  MPI_SGI_stacktraceback (
MPT:     header=header@entry=0x7fffffff4380 "MPT ERROR: Rank 1(g:1) received signal SIGSEGV(11).\n\tProcess ID: 360427, Host: r3i3n13, Program: /p/work1/mpotts/intel_2018.1_mpt_g_develop/test/testg/Linux.intel.64.mpt.default/ESMF_ArraySMMFromFileU"...) at sig.c:340
MPT: #3  0x00002aaab1eb4a02 in first_arriver_handler (signo=signo@entry=11, 
MPT:     stack_trace_sem=stack_trace_sem@entry=0x2aaabc5a0080) at sig.c:489
MPT: #4  0x00002aaab1eb4d9b in slave_sig_handler (signo=11, 
MPT:     siginfo=<optimized out>, extra=<optimized out>) at sig.c:565
MPT: #5  <signal handler called>
MPT: #6  0x00002aaab1e22c9e in MPI_SGI_comm_fetch (comm=comm@entry=1140850689)
MPT:     at comm.c:41
MPT: #7  MPI_SGI_comm_get (comm=comm@entry=1140850689)
MPT:     at ../../../../include/comm.h:182
MPT: #8  MPI_SGI_comm_hbt (comm=comm@entry=1140850689) at comm.c:311
MPT: #9  0x00002aaab1e298c8 in MPI_SGI_comm_set_attr (attr_value=0x0, key=14, 
MPT:     comm=1140850689) at comm_set_attr.c:16
MPT: #10 PMPI_Comm_set_attr (comm=1140850689, key=14, attr_value=0x0)
MPT:     at comm_set_attr.c:68
MPT: #11 0x00002aaab55c52f0 in H5_init_library ()
MPT:    from /app/CSE/CSEIntel.20200724/Datamodels/hdf5-1.10.6/lib/libhdf5.so.103
MPT: #12 0x00002aaab56757a9 in H5Eset_auto2 ()
MPT:    from /app/CSE/CSEIntel.20200724/Datamodels/hdf5-1.10.6/lib/libhdf5.so.103
MPT: #13 0x00002aaab0e1327c in nc4_hdf5_initialize ()
MPT:    from /app/CSE/CSEIntel.20200724/Datamodels/netcdf-4.7.4/lib/libnetcdf.so.18
MPT: #14 0x00002aaab0e1c7bc in NC_HDF5_initialize ()
MPT:    from /app/CSE/CSEIntel.20200724/Datamodels/netcdf-4.7.4/lib/libnetcdf.so.18
MPT: #15 0x00002aaab0d8c1a8 in nc_initialize ()
MPT:    from /app/CSE/CSEIntel.20200724/Datamodels/netcdf-4.7.4/lib/libnetcdf.so.18
MPT: #16 0x00002aaab0d8faac in NC_open ()
MPT:    from /app/CSE/CSEIntel.20200724/Datamodels/netcdf-4.7.4/lib/libnetcdf.so.18
MPT: #17 0x00002aaab0d8f7d7 in nc_open ()
MPT:    from /app/CSE/CSEIntel.20200724/Datamodels/netcdf-4.7.4/lib/libnetcdf.so.18
MPT: #18 0x00002aaab11c6f5d in nf_open (path='data/T42_grid.nc', mode=0, 
MPT:     ncid=-858993460, .tmp.PATH.len_V$30e=16) at nf_control.F90:189
MPT: #19 0x00002aaab1219871 in netcdf::nf90_open (path='data/T42_grid.nc', mode=0, 
MPT:     ncid=-858993460, 
MPT:     chunksize=<error reading variable: Cannot access memory at address 0x0>, 
MPT:     cache_size=<error reading variable: Cannot access memory at address 0x0>, 
MPT:     cache_nelems=<error reading variable: Cannot access memory at address 0x0>, 
MPT:     cache_preemption=<error reading variable: Cannot access memory at address 0x0>, comm=<error reading variable: Cannot access memory at address 0x0>, 
MPT:     info=<error reading variable: Cannot access memory at address 0x0>, 
MPT:     .tmp.PATH.len_V$1016=16) at netcdf4_file.f90:64
MPT: #20 0x00002aaaad606fdd in esmf_iofiletypecheckmod::esmf_filetypecheck (
MPT:     filename='data/T42_grid.nc', filetype=..., warning: Range for type <error type> has invalid bounds 1..-3689348814741910324
MPT: varname=warning: Range for type <error type> has invalid bounds 1..-3689348814741910324
MPT: warning: Range for type <error type> has invalid bounds 1..-3689348814741910324
MPT: warning: Range for type <error type> has invalid bounds 1..-3689348814741910324
MPT: warning: Range for type <error type> has invalid bounds 1..-3689348814741910324
MPT: warning: Range for type <error type> has invalid bounds 1..-3689348814741910324
MPT: warning: Range for type <error type> has invalid bounds 1..-3689348814741910324
MPT: warning: Range for type <error type> has invalid bounds 1..-3689348814741910324
MPT: warning: Range for type <error type> has invalid bounds 1..-3689348814741910324
MPT: 
MPT: '\000' <repeats 24 times>, 'A', '\000' <repeats 23 times>, '\060\272Q\005', '\000' <repeats 20 times>, 'p\272Q\005', '\000' <repeats 12 times>, 'a\000\000\000\000\000\000\000\r\000\000\000\001\000\377\377', '\000' <repeats 16 times>, ' \037\357\000\000\000\000\000\240\001{\r', '\000' <repeats 28 times>, '@\227\351\005', '\000' <repeats 20 times>, 'A', '\000' <repeats 23 times>..., rc=-1, 
MPT:     .tmp.FILENAME.len_V$158=16, .tmp.VARNAME.len_V$15c=0)
MPT:     at /p/work1/mpotts/intel_2018.1_mpt_g_develop/src/Infrastructure/IO/interface/ESMF_IOFileTypeCheck.F90:108
MPT: #21 0x00002aaaad9ff176 in esmf_regridweightgenmod::esmf_regridweightgenfile (
MPT:     srcfile='data/T42_grid.nc', dstfile='data/T42_grid.nc', 
MPT:     keywordenforcer=<error reading variable: Cannot access memory at address 0x0>, weightfile='test_smm_from_file_weights.nc', warning: Range for type <error type> has invalid bounds 1..-3689348814741910324
MPT: rhfile=warning: Range for type <error type> has invalid bounds 1..-3689348814741910324
MPT: warning: Range for type <error type> has invalid bounds 1..-3689348814741910324
MPT: warning: Range for type <error type> has invalid bounds 1..-3689348814741910324
MPT: warning: Range for type <error type> has invalid bounds 1..-3689348814741910324
MPT: warning: Range for type <error type> has invalid bounds 1..-3689348814741910324
MPT: warning: Range for type <error type> has invalid bounds 1..-3689348814741910324
MPT: warning: Range for type <error type> has invalid bounds 1..-3689348814741910324
MPT: warning: Range for type <error type> has invalid bounds 1..-3689348814741910324
MPT: 
MPT: '\000' <repeats 24 times>, 'A', '\000' <repeats 23 times>, '\260\236\345\005', '\000' <repeats 20 times>, '\360\236\345\005', '\000' <repeats 12 times>, 'a\000\000\000\000\000\000\000\r\000\000\000\001\000\377\377', '\000' <repeats 16 times>, ' \037\357\000\000\000\000\000\240\001{\r', '\000' <repeats 28 times>, '\360\350\205\005', '\000' <repeats 20 times>, 'A', '\000' <repeats 23 times>..., regridmethod=<error reading variable: Cannot access memory at address 0x0>, 
MPT:     polemethod=<error reading variable: Cannot access memory at address 0x0>, 
MPT:     regridpolenpnts=<error reading variable: Cannot access memory at address 0x0>, linetype=<error reading variable: Cannot access memory at address 0x0>, 
MPT:     normtype=<error reading variable: Cannot access memory at address 0x0>, 
MPT:     extrapmethod=<error reading variable: Cannot access memory at address 0x0>, 
MPT:     extrapnumsrcpnts=<error reading variable: Cannot access memory at address 0x0>, 
MPT:     extrapdistexponent=<error reading variable: Cannot access memory at address 0x0>, 
MPT:     extrapnumlevels=<error reading variable: Cannot access memory at address 0x0>, 
MPT:     unmappedaction=<error reading variable: Cannot access memory at address 0x0>, ignoredegenerate=<error reading variable: Cannot access memory at address 0x0>, srcfiletype=<error reading variable: Cannot access memory at address 0x0>, 
MPT:     dstfiletype=<error reading variable: Cannot access memory at address 0x0>, srcregionalflag=<error reading variable: Cannot access memory at address 0x0>, dstregionalflag=<error reading variable: Cannot access memory at address 0x0>, warning: Range for type <error type> has invalid bounds 1..-3689348814741910324
MPT: srcmeshname=warning: Range for type <error type> has invalid bounds 1..-3689348814741910324
MPT: warning: Range for type <error type> has invalid bounds 1..-3689348814741910324
MPT: warning: Range for type <error type> has invalid bounds 1..-3689348814741910324
MPT: warning: Range for type <error type> has invalid bounds 1..-3689348814741910324
MPT: warning: Range for type <error type> has invalid bounds 1..-3689348814741910324
MPT: warning: Range for type <error type> has invalid bounds 1..-3689348814741910324
MPT: warning: Range for type <error type> has invalid bounds 1..-3689348814741910324
MPT: warning: Range for type <error type> has invalid bounds 1..-3689348814741910324
MPT: 
MPT: '\000' <repeats 24 times>, 'A', '\000' <repeats 23 times>, '\220\365\333\002', '\000' <repeats 12 times>, '\004\000\000\000\000\000\000\000\260li\005', '\000' <repeats 12 times>, '\241', '\000' <repeats 11 times>, '\t', '\000' <repeats 35 times>, '\001', '\000' <repeats 47 times>, '\200<\026\002\000\000\000\000\200<\026\002', '\000' <repeats 20 times>..., warning: Range for type <error type> has invalid bounds 1..-3689348814741910324
MPT: dstmeshname=warning: Range for type <error type> has invalid bounds 1..-3689348814741910324
MPT: warning: Range for type <error type> has invalid bounds 1..-3689348814741910324
MPT: warning: Range for type <error type> has invalid bounds 1..-3689348814741910324
MPT: warning: Range for type <error type> has invalid bounds 1..-3689348814741910324
MPT: warning: Range for type <error type> has invalid bounds 1..-3689348814741910324
MPT: warning: Range for type <error type> has invalid bounds 1..-3689348814741910324
MPT: warning: Range for type <error type> has invalid bounds 1..-3689348814741910324
MPT: warning: Range for type <error type> has invalid bounds 1..-3689348814741910324
MPT: 
MPT: '\000' <repeats 24 times>, 'A', '\000' <repeats 23 times>, '\300n\202\005', '\000' <repeats 21 times>, 'o\202\005', '\000' <repeats 12 times>, 'a\000\000\000\000\000\000\000\r\000\000\000\001\000\377\377', '\000' <repeats 16 times>, ' \037\357\000\000\000\000\000\240\001{\r', '\000' <repeats 28 times>, 'P50\003', '\000' <repeats 20 times>, 'A', '\000' <repeats 23 times>..., 
MPT:     srcmissingvalueflag=<error reading variable: Cannot access memory at address 0x0>, warning: Range for type <error type> has invalid bounds 1..-3689348814741910324
MPT: srcmissingvaluevar=warning: Range for type <error type> has invalid bounds 1..-3689348814741910324
MPT: warning: Range for type <error type> has invalid bounds 1..-3689348814741910324
MPT: warning: Range for type <error type> has invalid bounds 1..-3689348814741910324
MPT: warning: Range for type <error type> has invalid bounds 1..-3689348814741910324
MPT: warning: Range for type <error type> has invalid bounds 1..-3689348814741910324
MPT: warning: Range for type <error type> has invalid bounds 1..-3689348814741910324
MPT: warning: Range for type <error type> has invalid bounds 1..-3689348814741910324
MPT: warning: Range for type <error type> has invalid bounds 1..-3689348814741910324
MPT: 
MPT: '\000' <repeats 24 times>, 'A', '\000' <repeats 23 times>, '\220\226\347\005', '\000' <repeats 20 times>, '\060\231\347\005', '\000' <repeats 12 times>, '\241', '\000' <repeats 11 times>, '\t', '\000' <repeats 35 times>, '\001', '\000' <repeats 47 times>, '\200<\026\002\000\000\000\000\200<\026\002', '\000' <repeats 20 times>..., 
MPT:     dstmissingvalueflag=<error reading variable: Cannot access memory at address 0x0>, warning: Range for type <error type> has invalid bounds 1..-3689348814741910324
MPT: dstmissingvaluevar=warning: Range for type <error type> has invalid bounds 1..-3689348814741910324
MPT: warning: Range for type <error type> has invalid bounds 1..-3689348814741910324
MPT: warning: Range for type <error type> has invalid bounds 1..-3689348814741910324
MPT: warning: Range for type <error type> has invalid bounds 1..-3689348814741910324
MPT: warning: Range for type <error type> has invalid bounds 1..-3689348814741910324
MPT: warning: Range for type <error type> has invalid bounds 1..-3689348814741910324
MPT: warning: Range for type <error type> has invalid bounds 1..-3689348814741910324
MPT: warning: Range for type <error type> has invalid bounds 1..-3689348814741910324
MPT: 
MPT: '\000' <repeats 24 times>, 'A', '\000' <repeats 23 times>, '\240\363S\003', '\000' <repeats 20 times>, 'p"\231\005', '\000' <repeats 12 times>, '\241', '\000' <repeats 11 times>, '\t', '\000' <repeats 35 times>, '\001', '\000' <repeats 47 times>, '\200<\026\002\000\000\000\000\200<\026\002', '\000' <repeats 20 times>..., 
MPT:     usesrccoordflag=<error reading variable: Cannot access memory at address 0x0>, 
MPT:     srccoordinatevars=<error reading variable: Cannot resolve DW_OP_push_object_address for a missing object>, 
MPT:     usedstcoordflag=<error reading variable: Cannot access memory at address 0x0>, 
MPT:     dstcoordinatevars=<error reading variable: Cannot resolve DW_OP_push_object_address for a missing object>, 
MPT:     usesrccornerflag=<error reading variable: Cannot access memory at address 0x0>, 
MPT:     usedstcornerflag=<error reading variable: Cannot access memory at address 0x0>, 
MPT:     useuserareaflag=<error reading variable: Cannot access memory at address 0x0>, 
MPT:     largefileflag=<error reading variable: Cannot access memory at address 0x0>, 
MPT:     netcdf4fileflag=<error reading variable: Cannot access memory at address 0x0>, weightonlyflag=<error reading variable: Cannot access memory at address 0x0>, warning: Range for type <error type> has invalid bounds 1..-3689348814741910324
MPT: 
MPT: tilefilepath=warning: Range for type <error type> has invalid bounds 1..-3689348814741910324
MPT: warning: Range for type <error type> has invalid bounds 1..-3689348814741910324
MPT: warning: Range for type <error type> has invalid bounds 1..-3689348814741910324
MPT: warning: Range for type <error type> has invalid bounds 1..-3689348814741910324
MPT: warning: Range for type <error type> has invalid bounds 1..-3689348814741910324
MPT: warning: Range for type <error type> has invalid bounds 1..-3689348814741910324
MPT: warning: Range for type <error type> has invalid bounds 1..-3689348814741910324
MPT: warning: Range for type <error type> has invalid bounds 1..-3689348814741910324
MPT: 
MPT: '\000' <repeats 24 times>, 'A', '\000' <repeats 23 times>, '\240\063c\005', '\000' <repeats 20 times>, '\340\063c\005', '\000' <repeats 12 times>, 'a\000\000\000\000\000\000\000\r\000\000\000\001\000\377\377', '\000' <repeats 16 times>, ' \037\357\000\000\000\000\000\240\001{\r', '\000' <repeats 28 times>, '\260\322\334\005', '\000' <repeats 20 times>, 'A', '\000' <repeats 23 times>..., 
MPT:     verboseflag=<error reading variable: Cannot access memory at address 0x0>, rc=-1, .tmp.SRCFILE.len_V$531a=16, .tmp.DSTFILE.len_V$531d=16, 
MPT:     .tmp.WEIGHTFILE.len_V$5321=29, .tmp.RHFILE.len_V$5324=0, 
MPT:     .tmp.SRCMESHNAME.len_V$5336=0, .tmp.DSTMESHNAME.len_V$5339=0, 
MPT:     .tmp.SRCMISSINGVALUEVAR.len_V$533d=0, 
MPT:     .tmp.DSTMISSINGVALUEVAR.len_V$5341=0, .tmp.TILEFILEPATH.len_V$536e=0)
MPT:     at /p/work1/mpotts/intel_2018.1_mpt_g_develop/src/Superstructure/PreESMFMod/src/ESMF_RegridWeightGen.F90:479
MPT: #22 0x000000000040b9a8 in esmf_arraysmmfromfileutestmod::test_smm_from_file (
MPT:     srcfile='data/T42_grid.nc', dstfile='data/T42_grid.nc', 
MPT:     weightfile='test_smm_from_file_weights.nc', checkmethod=..., rc=-1, 
MPT:     .tmp.SRCFILE.len_V$8d0=16, .tmp.DSTFILE.len_V$8d3=16, 
MPT:     .tmp.WEIGHTFILE.len_V$8d6=29) at ESMF_ArraySMMFromFileUTest.F90:41
MPT: #23 0x000000000040bdd1 in esmf_arraysmmfromfileutest ()
MPT:     at ESMF_ArraySMMFromFileUTest.F90:115
MPT: #24 0x000000000040b65e in main ()
MPT: #25 0x00002aaab2d79555 in __libc_start_main () from /lib64/libc.so.6
MPT: #26 0x000000000040b569 in _start ()
MPT: (gdb) A debugging session is active.
MPT: 
MPT: 	Inferior 1 [process 360427] will be detached.
MPT: 
MPT: Quit anyway? (y or n) [answered Y; input not from terminal]
MPT: Detaching from program: /proc/360427/exe, process 360427
MPT: [Inferior 1 (process 360427) detached]

MPT: -----stack traceback ends-----
MPT: On host r3i3n13, Program /p/work1/mpotts/intel_2018.1_mpt_g_develop/test/testg/Linux.intel.64.mpt.default/ESMF_ArraySMMFromFileUTest, Rank 1, Process 360427: Dumping core on signal SIGSEGV(11) into directory /p/work1/mpotts/intel_2018.1_mpt_g_develop/test/testg/Linux.intel.64.mpt.default
MPT ERROR: MPI_COMM_WORLD rank 1 has terminated without calling MPI_Finalize()
	aborting job
MPT: Received signal 11
