build time -- 2021-04-20 18:48:45
  Beginning Test, file ESMF_ArrayIOUTest.F90, line 92
  Beginning Test, file ESMF_ArrayIOUTest.F90, line 92
  Beginning Test, file ESMF_ArrayIOUTest.F90, line 92
  NUMBER_OF_PROCESSORS           6
  Beginning Test, file ESMF_ArrayIOUTest.F90, line 92
  NUMBER_OF_PROCESSORS           6
  Beginning Test, file ESMF_ArrayIOUTest.F90, line 92
  NUMBER_OF_PROCESSORS           6
  Beginning Test, file ESMF_ArrayIOUTest.F90, line 92
  NUMBER_OF_PROCESSORS           6
  NUMBER_OF_PROCESSORS           6
  NUMBER_OF_PROCESSORS           6
  PASS  dstDistgrid Create Test, ESMF_ArrayIOUTest.F90, line 126
  PASS  dstDistgrid Create Test, ESMF_ArrayIOUTest.F90, line 126
  PASS  dstDistgrid Create Test, ESMF_ArrayIOUTest.F90, line 126
  PASS  dstDistgrid Create Test, ESMF_ArrayIOUTest.F90, line 126
  PASS  dstDistgrid Create Test, ESMF_ArrayIOUTest.F90, line 126
  PASS  dstDistgrid Create Test, ESMF_ArrayIOUTest.F90, line 126
  PASS  Array Spec Set Test, ESMF_ArrayIOUTest.F90, line 134
  PASS  Array Spec Set Test, ESMF_ArrayIOUTest.F90, line 134
  PASS  Array Spec Set Test, ESMF_ArrayIOUTest.F90, line 134
  PASS  Array Spec Set Test, ESMF_ArrayIOUTest.F90, line 134
  PASS  Array Spec Set Test, ESMF_ArrayIOUTest.F90, line 134
  PASS  Array Spec Set Test, ESMF_ArrayIOUTest.F90, line 134
  PASS  Array with Halo Create Test, ESMF_ArrayIOUTest.F90, line 149
  PASS  Array with Halo Create Test, ESMF_ArrayIOUTest.F90, line 149
  PASS  Array with Halo Create Test, ESMF_ArrayIOUTest.F90, line 149
  PASS  Array without Halo Create Test, ESMF_ArrayIOUTest.F90, line 159
  PASS  Array without Halo Create Test, ESMF_ArrayIOUTest.F90, line 159
  PASS  Array with Halo Create Test, ESMF_ArrayIOUTest.F90, line 149
  PASS  Array with Halo Create Test, ESMF_ArrayIOUTest.F90, line 149
  PASS  Array without Halo Create Test, ESMF_ArrayIOUTest.F90, line 159
  PASS  Array with Halo Create Test, ESMF_ArrayIOUTest.F90, line 149
  PASS  Array without Halo Create Test, ESMF_ArrayIOUTest.F90, line 159
  PASS  Array without Halo Create Test, ESMF_ArrayIOUTest.F90, line 159
  PASS  Array without Halo Create Test, ESMF_ArrayIOUTest.F90, line 159
  PASS  Accessing Fortran pointers for Arrays Test, ESMF_ArrayIOUTest.F90, line 
 214
  PASS  Accessing Fortran pointers for Arrays Test, ESMF_ArrayIOUTest.F90, line 
 214
  PASS  Accessing Fortran pointers for Arrays Test, ESMF_ArrayIOUTest.F90, line 
 214
  PASS  Accessing Fortran pointers for Arrays Test, ESMF_ArrayIOUTest.F90, line 
 214
  PASS  Accessing Fortran pointers for Arrays Test, ESMF_ArrayIOUTest.F90, line 
 214
  PASS  Accessing Fortran pointers for Arrays Test, ESMF_ArrayIOUTest.F90, line 
 214
MPT ERROR: Rank 0(g:0) received signal SIGSEGV(11).
	Process ID: 189554, Host: r2i4n20, Program: /p/work1/mpotts/intel_2018.1_mpt_g_develop/test/testg/Linux.intel.64.mpt.default/ESMF_ArrayIOUTest
	MPT Version: HPE MPT 2.20  08/30/19 04:33:45

MPT: --------stack traceback-------
MPT: Attaching to program: /proc/189554/exe, process 189554
MPT: [Thread debugging using libthread_db enabled]
MPT: Using host libthread_db library "/lib64/libthread_db.so.1".
MPT: (no debugging symbols found)...done.
MPT: (no debugging symbols found)...done.
MPT: done.
MPT: (no debugging symbols found)...done.
MPT: (no debugging symbols found)...done.
MPT: (no debugging symbols found)...done.
MPT: done.
MPT: (no debugging symbols found)...done.
MPT: (no debugging symbols found)...done.
MPT: (no debugging symbols found)...done.
MPT: (no debugging symbols found)...done.
MPT: (no debugging symbols found)...done.
MPT: (no debugging symbols found)...done.
MPT: (no debugging symbols found)...done.
MPT: (no debugging symbols found)...done.
MPT: (no debugging symbols found)...done.
MPT: (no debugging symbols found)...done.
MPT: (no debugging symbols found)...done.
MPT: (no debugging symbols found)...done.
MPT: (no debugging symbols found)...done.
MPT: (no debugging symbols found)...done.
MPT: (no debugging symbols found)...done.
MPT: (no debugging symbols found)...done.
MPT: (no debugging symbols found)...done.
MPT: (no debugging symbols found)...done.
MPT: (no debugging symbols found)...done.
MPT: (no debugging symbols found)...done.
MPT: (no debugging symbols found)...done.
MPT: (no debugging symbols found)...done.
MPT: (no debugging symbols found)...done.
MPT: 0x00002aaab177b18c in waitpid () from /lib64/libpthread.so.0
MPT: Missing separate debuginfos, use: debuginfo-install cyrus-sasl-lib-2.1.26-23.el7.x86_64 glibc-2.17-317.el7.x86_64 keyutils-libs-1.5.8-3.el7.x86_64 krb5-libs-1.15.1-50.el7.x86_64 libbitmask-2.0-sgi720r52.rhel76.x86_64 libcom_err-1.42.9-19.el7.x86_64 libcpuset-1.0-sgi720r102.rhel76.x86_64 libcurl-7.29.0-59.el7_9.1.x86_64 libgcc-4.8.5-44.el7.x86_64 libidn-1.28-4.el7.x86_64 libjpeg-turbo-1.2.90-8.el7.x86_64 libselinux-2.5-15.el7.x86_64 libssh2-1.8.0-4.el7.x86_64 libstdc++-4.8.5-44.el7.x86_64 nspr-4.25.0-2.el7_9.x86_64 nss-3.53.1-3.el7_9.x86_64 nss-softokn-freebl-3.53.1-6.el7_9.x86_64 nss-util-3.53.1-1.el7_9.x86_64 openldap-2.4.44-22.el7.x86_64 openssl-libs-1.0.2k-21.el7_9.x86_64 pcre-8.32-17.el7.x86_64 zlib-1.2.7-18.el7.x86_64
MPT: (gdb) #0  0x00002aaab177b18c in waitpid () from /lib64/libpthread.so.0
MPT: #1  0x00002aaab1eb4806 in mpi_sgi_system (
MPT: #2  MPI_SGI_stacktraceback (
MPT:     header=header@entry=0x7ffffffec8c0 "MPT ERROR: Rank 0(g:0) received signal SIGSEGV(11).\n\tProcess ID: 189554, Host: r2i4n20, Program: /p/work1/mpotts/intel_2018.1_mpt_g_develop/test/testg/Linux.intel.64.mpt.default/ESMF_ArrayIOUTest\n\tMPT"...) at sig.c:340
MPT: #3  0x00002aaab1eb4a02 in first_arriver_handler (signo=signo@entry=11, 
MPT:     stack_trace_sem=stack_trace_sem@entry=0x2aaabcda0080) at sig.c:489
MPT: #4  0x00002aaab1eb4d9b in slave_sig_handler (signo=11, 
MPT:     siginfo=<optimized out>, extra=<optimized out>) at sig.c:565
MPT: #5  <signal handler called>
MPT: #6  0x00002aaab1e22c9e in MPI_SGI_comm_fetch (comm=comm@entry=1140850689)
MPT:     at comm.c:41
MPT: #7  MPI_SGI_comm_get (comm=comm@entry=1140850689)
MPT:     at ../../../../include/comm.h:182
MPT: #8  MPI_SGI_comm_hbt (comm=comm@entry=1140850689) at comm.c:311
MPT: #9  0x00002aaab1e298c8 in MPI_SGI_comm_set_attr (attr_value=0x0, key=14, 
MPT:     comm=1140850689) at comm_set_attr.c:16
MPT: #10 PMPI_Comm_set_attr (comm=1140850689, key=14, attr_value=0x0)
MPT:     at comm_set_attr.c:68
MPT: #11 0x00002aaab55c52f0 in H5_init_library ()
MPT:    from /app/CSE/CSEIntel.20200724/Datamodels/hdf5-1.10.6/lib/libhdf5.so.103
MPT: #12 0x00002aaab56757a9 in H5Eset_auto2 ()
MPT:    from /app/CSE/CSEIntel.20200724/Datamodels/hdf5-1.10.6/lib/libhdf5.so.103
MPT: #13 0x00002aaab0e1327c in nc4_hdf5_initialize ()
MPT:    from /app/CSE/CSEIntel.20200724/Datamodels/netcdf-4.7.4/lib/libnetcdf.so.18
MPT: #14 0x00002aaab0e1c7bc in NC_HDF5_initialize ()
MPT:    from /app/CSE/CSEIntel.20200724/Datamodels/netcdf-4.7.4/lib/libnetcdf.so.18
MPT: #15 0x00002aaab0d8c1a8 in nc_initialize ()
MPT:    from /app/CSE/CSEIntel.20200724/Datamodels/netcdf-4.7.4/lib/libnetcdf.so.18
MPT: #16 0x00002aaab0d8f701 in NC_create ()
MPT:    from /app/CSE/CSEIntel.20200724/Datamodels/netcdf-4.7.4/lib/libnetcdf.so.18
MPT: #17 0x00002aaab0d8f435 in nc__create ()
MPT:    from /app/CSE/CSEIntel.20200724/Datamodels/netcdf-4.7.4/lib/libnetcdf.so.18
MPT: #18 0x00002aaab11c6940 in nf_create (path='file3D_withhalo.nc', cmode=0, 
MPT:     ncid=-1, .tmp.PATH.len_V$cc=18) at nf_control.F90:64
MPT: #19 0x00002aaab1219cde in netcdf::nf90_create (path='file3D_withhalo.nc', 
MPT:     cmode=0, ncid=-1, 
MPT:     initialsize=<error reading variable: Cannot access memory at address 0x0>, chunksize=<error reading variable: Cannot access memory at address 0x0>, 
MPT:     cache_size=<error reading variable: Cannot access memory at address 0x0>, 
MPT:     cache_nelems=<error reading variable: Cannot access memory at address 0x0>, 
MPT:     cache_preemption=<error reading variable: Cannot access memory at address 0x0>, comm=<error reading variable: Cannot access memory at address 0x0>, 
MPT:     info=<error reading variable: Cannot access memory at address 0x0>, 
MPT:     .tmp.PATH.len_V$102f=18) at netcdf4_file.f90:134
MPT: #20 0x00002aaaadd9ee01 in esmfionf_mod::create_nf (file=..., 
MPT:     fname='file3D_withhalo.nc', amode=0, .tmp.FNAME.len_V$12f=18)
MPT:     at /p/work1/mpotts/intel_2018.1_mpt_g_develop/src/Infrastructure/IO/PIO/ionf_mod.F90:109
MPT: #21 0x00002aaaae2fe866 in esmfpiolib_mod::createfile (iosystem=..., file=..., 
MPT:     iotype=6, fname='file3D_withhalo.nc', amode_in=0, 
MPT:     .tmp.FNAME.len_V$22e2=18)
MPT:     at /p/work1/mpotts/intel_2018.1_mpt_g_develop/src/Infrastructure/IO/PIO/piolib_mod.F90:2500
MPT: #22 0x00002aaaae28bad8 in esmcpio_cpp_createfile (iosystem_handle=1, 
MPT:     file=..., iotype=6, fname=..., amode_in=0)
MPT:     at /p/work1/mpotts/intel_2018.1_mpt_g_develop/src/Infrastructure/IO/PIO/pio_cpp_binding.F90:564
MPT: #23 0x00002aaaac6a6920 in ESMCI::PIO_Handler::open (this=0x1968d80, 
MPT:     readonly=false, rc=0x7ffffffef600)
MPT:     at /p/work1/mpotts/intel_2018.1_mpt_g_develop/src/Infrastructure/IO/src/ESMCI_PIO_Handler.C:1481
MPT: #24 0x00002aaaac37168e in ESMCI::IO_Handler::open (this=0x1968d80, 
MPT:     file="file3D_withhalo.nc", filestatusflag_arg=ESMC_FILESTATUS_REPLACE, 
MPT:     overwrite_arg=false, readonly_arg=false, rc=0x7ffffffef69c)
MPT:     at /p/work1/mpotts/intel_2018.1_mpt_g_develop/src/Infrastructure/IO/src/ESMCI_IO_Handler.C:547
MPT: #25 0x00002aaaac380644 in ESMCI::IO::open (this=0x193fe70, 
MPT:     file="file3D_withhalo.nc", filestatusflag=ESMC_FILESTATUS_REPLACE, 
MPT:     iofmt=ESMF_IOFMT_NETCDF, overwrite=false, readonly=false)
MPT:     at /p/work1/mpotts/intel_2018.1_mpt_g_develop/src/Infrastructure/IO/src/ESMCI_IO.C:830
MPT: #26 0x00002aaaac37e18b in ESMCI::IO::write (this=0x193fe70, 
MPT:     file="file3D_withhalo.nc", iofmt=ESMF_IOFMT_NETCDF, overwrite=false, 
MPT:     status=ESMC_FILESTATUS_REPLACE, timeslice=0x0)
MPT:     at /p/work1/mpotts/intel_2018.1_mpt_g_develop/src/Infrastructure/IO/src/ESMCI_IO.C:462
MPT: #27 0x00002aaaabe22843 in ESMCI::Array::write (this=0x1967b30, 
MPT:     file="file3D_withhalo.nc", variableName="", convention="", purpose="", 
MPT:     overwrite=0x7ffffffefb23, status=0x7ffffffefce8, timeslice=0x0, 
MPT:     iofmt=0x7ffffffefcd8)
MPT:     at /p/work1/mpotts/intel_2018.1_mpt_g_develop/src/Infrastructure/Array/src/ESMCI_Array.C:4064
MPT: #28 0x00002aaaabe05d15 in c_esmc_arraywrite_ (array=0x7fffffff0f70, 
MPT:     file=0x524aa0 <__STRLITPACK_825> "file3D_withhalo.nc", variableName=0x0, 
MPT:     convention=0x0, purpose=0x0, opt_overwriteflag=0x7ffffffefcf8, 
MPT:     status=0x7ffffffefce8, timeslice=0x0, iofmt=0x7ffffffefcd8, 
MPT:     rc=0x7ffffffefc78, file_l=18, varname_l=0, convention_l=0, purpose_l=0)
MPT:     at /p/work1/mpotts/intel_2018.1_mpt_g_develop/src/Infrastructure/Array/interface/ESMCI_Array_F.C:798
MPT: #29 0x00002aaaac9a02be in esmf_arraymod::esmf_arraywrite (array=..., 
MPT:     filename='file3D_withhalo.nc', 
MPT:     keywordenforcer=<error reading variable: Cannot access memory at address 0x0>, warning: Range for type <error type> has invalid bounds 1..-3689348814741910324
MPT: variablename=warning: Range for type <error type> has invalid bounds 1..-3689348814741910324
MPT: warning: Range for type <error type> has invalid bounds 1..-3689348814741910324
MPT: warning: Range for type <error type> has invalid bounds 1..-3689348814741910324
MPT: warning: Range for type <error type> has invalid bounds 1..-3689348814741910324
MPT: warning: Range for type <error type> has invalid bounds 1..-3689348814741910324
MPT: warning: Range for type <error type> has invalid bounds 1..-3689348814741910324
MPT: warning: Range for type <error type> has invalid bounds 1..-3689348814741910324
MPT: warning: Range for type <error type> has invalid bounds 1..-3689348814741910324
MPT: 
MPT: '\000' <repeats 24 times>, 'A', '\000' <repeats 23 times>, '\200\071\036\003', '\000' <repeats 20 times>, '\300\071\036\003', '\000' <repeats 12 times>, 'a\000\000\000\000\000\000\000\r\000\000\000\001\000\377\377', '\000' <repeats 16 times>, '\020 \357\000\000\000\000\000`fa\r', '\000' <repeats 28 times>, 'p\241[\021', '\000' <repeats 20 times>, 'A', '\000' <repeats 23 times>..., warning: Range for type <error type> has invalid bounds 1..-3689348814741910324
MPT: 
MPT: convention=warning: Range for type <error type> has invalid bounds 1..-3689348814741910324
MPT: warning: Range for type <error type> has invalid bounds 1..-3689348814741910324
MPT: warning: Range for type <error type> has invalid bounds 1..-3689348814741910324
MPT: warning: Range for type <error type> has invalid bounds 1..-3689348814741910324
MPT: warning: Range for type <error type> has invalid bounds 1..-3689348814741910324
MPT: warning: Range for type <error type> has invalid bounds 1..-3689348814741910324
MPT: warning: Range for type <error type> has invalid bounds 1..-3689348814741910324
MPT: warning: Range for type <error type> has invalid bounds 1..-3689348814741910324
MPT: 
MPT: '\000' <repeats 24 times>, 'A', '\000' <repeats 23 times>, 'ะบ\036\021', '\000' <repeats 20 times>, '\020\273\036\021', '\000' <repeats 12 times>, 'a\000\000\000\000\000\000\000\r\000\000\000\001\000\377\377', '\000' <repeats 16 times>, '\020 \357\000\000\000\000\000`fa\r', '\000' <repeats 28 times>, '\200P9\023', '\000' <repeats 20 times>, 'A', '\000' <repeats 23 times>..., warning: Range for type <error type> has invalid bounds 1..-3689348814741910324
MPT: purpose=warning: Range for type <error type> has invalid bounds 1..-3689348814741910324
MPT: warning: Range for type <error type> has invalid bounds 1..-3689348814741910324
MPT: warning: Range for type <error type> has invalid bounds 1..-3689348814741910324
MPT: warning: Range for type <error type> has invalid bounds 1..-3689348814741910324
MPT: warning: Range for type <error type> has invalid bounds 1..-3689348814741910324
MPT: warning: Range for type <error type> has invalid bounds 1..-3689348814741910324
MPT: warning: Range for type <error type> has invalid bounds 1..-3689348814741910324
MPT: warning: Range for type <error type> has invalid bounds 1..-3689348814741910324
MPT: 
MPT: '\000' <repeats 24 times>, 'A', '\000' <repeats 23 times>, '\060=\203\005', '\000' <repeats 20 times>, 'p=\203\005', '\000' <repeats 12 times>, 'a\000\000\000\000\000\000\000\r\000\000\000\001\000\377\377', '\000' <repeats 16 times>, '\020 \357\000\000\000\000\000`fa\r', '\000' <repeats 28 times>, '\020\253[\r', '\000' <repeats 20 times>, 'A', '\000' <repeats 23 times>..., 
MPT:     overwrite=<error reading variable: Cannot access memory at address 0x0>, 
MPT:     status=..., 
MPT:     timeslice=<error reading variable: Cannot access memory at address 0x0>, 
MPT:     iofmt=<error reading variable: Cannot access memory at address 0x0>, 
MPT:     rc=18, .tmp.FILENAME.len_V$5a22=18, .tmp.VARIABLENAME.len_V$5a26=0, 
MPT:     .tmp.CONVENTION.len_V$5a29=0, .tmp.PURPOSE.len_V$5a2c=0)
MPT:     at /p/work1/mpotts/intel_2018.1_mpt_g_develop/src/Infrastructure/Array/interface/ESMF_Array.F90:3978
MPT: #30 0x0000000000414299 in esmf_arrayioutest () at ESMF_ArrayIOUTest.F90:222
MPT: #31 0x000000000040c31e in main ()
MPT: #32 0x00002aaab2d79555 in __libc_start_main () from /lib64/libc.so.6
MPT: #33 0x000000000040c229 in _start ()
MPT: (gdb) A debugging session is active.
MPT: 
MPT: 	Inferior 1 [process 189554] will be detached.
MPT: 
MPT: Quit anyway? (y or n) [answered Y; input not from terminal]
MPT: Detaching from program: /proc/189554/exe, process 189554
MPT: [Inferior 1 (process 189554) detached]

MPT: -----stack traceback ends-----
MPT: On host r2i4n20, Program /p/work1/mpotts/intel_2018.1_mpt_g_develop/test/testg/Linux.intel.64.mpt.default/ESMF_ArrayIOUTest, Rank 0, Process 189554: Dumping core on signal SIGSEGV(11) into directory /p/work1/mpotts/intel_2018.1_mpt_g_develop/test/testg/Linux.intel.64.mpt.default
MPT ERROR: MPI_COMM_WORLD rank 0 has terminated without calling MPI_Finalize()
	aborting job
MPT: Received signal 11
